Started GET "/" for ::1 at 2019-09-28 10:25:52 -0500
Processing by Rails::WelcomeController#index as HTML
  Rendering /Users/noguerajulioces/.rvm/gems/ruby-2.6.3/gems/railties-5.2.3/lib/rails/templates/rails/welcome/index.html.erb
  Rendered /Users/noguerajulioces/.rvm/gems/ruby-2.6.3/gems/railties-5.2.3/lib/rails/templates/rails/welcome/index.html.erb (6.3ms)
Completed 200 OK in 24ms (Views: 16.8ms)


Started GET "/rails/info" for ::1 at 2019-09-28 10:31:16 -0500
Processing by Rails::InfoController#index as HTML
Redirected to http://localhost:3000/rails/info/routes
Completed 302 Found in 6ms


Started GET "/rails/info/routes" for ::1 at 2019-09-28 10:31:16 -0500
Processing by Rails::InfoController#routes as HTML
  Rendering /Users/noguerajulioces/.rvm/gems/ruby-2.6.3/gems/railties-5.2.3/lib/rails/templates/rails/info/routes.html.erb within layouts/application
  Rendered /Users/noguerajulioces/.rvm/gems/ruby-2.6.3/gems/actionpack-5.2.3/lib/action_dispatch/middleware/templates/routes/_table.html.erb (18.0ms)
  Rendered /Users/noguerajulioces/.rvm/gems/ruby-2.6.3/gems/railties-5.2.3/lib/rails/templates/rails/info/routes.html.erb within layouts/application (22.4ms)
Completed 200 OK in 36ms (Views: 32.7ms)


Started GET "/" for ::1 at 2019-09-28 10:36:47 -0500
Processing by Rails::WelcomeController#index as HTML
  Rendering /Users/noguerajulioces/.rvm/gems/ruby-2.6.3/gems/railties-5.2.3/lib/rails/templates/rails/welcome/index.html.erb
  Rendered /Users/noguerajulioces/.rvm/gems/ruby-2.6.3/gems/railties-5.2.3/lib/rails/templates/rails/welcome/index.html.erb (2.9ms)
Completed 200 OK in 14ms (Views: 5.4ms)


Started GET "/" for ::1 at 2019-09-28 11:35:41 -0500
Processing by WelcomeController#index as HTML
  Rendering welcome/index.html.erb within layouts/application
  Rendered welcome/index.html.erb within layouts/application (2.3ms)
Completed 200 OK in 360ms (Views: 352.6ms | MongoDB: 0.0ms)


Started GET "/rails/routes" for ::1 at 2019-09-28 11:35:50 -0500
  
ActionController::RoutingError (No route matches [GET] "/rails/routes"):
  
actionpack (5.2.3) lib/action_dispatch/middleware/debug_exceptions.rb:65:in `call'
web-console (3.7.0) lib/web_console/middleware.rb:135:in `call_app'
web-console (3.7.0) lib/web_console/middleware.rb:30:in `block in call'
web-console (3.7.0) lib/web_console/middleware.rb:20:in `catch'
web-console (3.7.0) lib/web_console/middleware.rb:20:in `call'
actionpack (5.2.3) lib/action_dispatch/middleware/show_exceptions.rb:33:in `call'
railties (5.2.3) lib/rails/rack/logger.rb:38:in `call_app'
railties (5.2.3) lib/rails/rack/logger.rb:26:in `block in call'
activesupport (5.2.3) lib/active_support/tagged_logging.rb:71:in `block in tagged'
activesupport (5.2.3) lib/active_support/tagged_logging.rb:28:in `tagged'
activesupport (5.2.3) lib/active_support/tagged_logging.rb:71:in `tagged'
railties (5.2.3) lib/rails/rack/logger.rb:26:in `call'
sprockets-rails (3.2.1) lib/sprockets/rails/quiet_assets.rb:13:in `call'
actionpack (5.2.3) lib/action_dispatch/middleware/remote_ip.rb:81:in `call'
actionpack (5.2.3) lib/action_dispatch/middleware/request_id.rb:27:in `call'
rack (2.0.7) lib/rack/method_override.rb:22:in `call'
rack (2.0.7) lib/rack/runtime.rb:22:in `call'
activesupport (5.2.3) lib/active_support/cache/strategy/local_cache_middleware.rb:29:in `call'
actionpack (5.2.3) lib/action_dispatch/middleware/executor.rb:14:in `call'
actionpack (5.2.3) lib/action_dispatch/middleware/static.rb:127:in `call'
rack (2.0.7) lib/rack/sendfile.rb:111:in `call'
railties (5.2.3) lib/rails/engine.rb:524:in `call'
puma (3.12.1) lib/puma/configuration.rb:227:in `call'
puma (3.12.1) lib/puma/server.rb:660:in `handle_request'
puma (3.12.1) lib/puma/server.rb:474:in `process_client'
puma (3.12.1) lib/puma/server.rb:334:in `block in run'
puma (3.12.1) lib/puma/thread_pool.rb:135:in `block in spawn_thread'
Started GET "/info/routes" for ::1 at 2019-09-28 11:35:56 -0500
  
ActionController::RoutingError (No route matches [GET] "/info/routes"):
  
actionpack (5.2.3) lib/action_dispatch/middleware/debug_exceptions.rb:65:in `call'
web-console (3.7.0) lib/web_console/middleware.rb:135:in `call_app'
web-console (3.7.0) lib/web_console/middleware.rb:30:in `block in call'
web-console (3.7.0) lib/web_console/middleware.rb:20:in `catch'
web-console (3.7.0) lib/web_console/middleware.rb:20:in `call'
actionpack (5.2.3) lib/action_dispatch/middleware/show_exceptions.rb:33:in `call'
railties (5.2.3) lib/rails/rack/logger.rb:38:in `call_app'
railties (5.2.3) lib/rails/rack/logger.rb:26:in `block in call'
activesupport (5.2.3) lib/active_support/tagged_logging.rb:71:in `block in tagged'
activesupport (5.2.3) lib/active_support/tagged_logging.rb:28:in `tagged'
activesupport (5.2.3) lib/active_support/tagged_logging.rb:71:in `tagged'
railties (5.2.3) lib/rails/rack/logger.rb:26:in `call'
sprockets-rails (3.2.1) lib/sprockets/rails/quiet_assets.rb:13:in `call'
actionpack (5.2.3) lib/action_dispatch/middleware/remote_ip.rb:81:in `call'
actionpack (5.2.3) lib/action_dispatch/middleware/request_id.rb:27:in `call'
rack (2.0.7) lib/rack/method_override.rb:22:in `call'
rack (2.0.7) lib/rack/runtime.rb:22:in `call'
activesupport (5.2.3) lib/active_support/cache/strategy/local_cache_middleware.rb:29:in `call'
actionpack (5.2.3) lib/action_dispatch/middleware/executor.rb:14:in `call'
actionpack (5.2.3) lib/action_dispatch/middleware/static.rb:127:in `call'
rack (2.0.7) lib/rack/sendfile.rb:111:in `call'
railties (5.2.3) lib/rails/engine.rb:524:in `call'
puma (3.12.1) lib/puma/configuration.rb:227:in `call'
puma (3.12.1) lib/puma/server.rb:660:in `handle_request'
puma (3.12.1) lib/puma/server.rb:474:in `process_client'
puma (3.12.1) lib/puma/server.rb:334:in `block in run'
puma (3.12.1) lib/puma/thread_pool.rb:135:in `block in spawn_thread'
Started GET "/rails/info/routes" for ::1 at 2019-09-28 11:36:01 -0500
Processing by Rails::InfoController#routes as HTML
  Rendering /Users/noguerajulioces/.rvm/gems/ruby-2.6.3/gems/railties-5.2.3/lib/rails/templates/rails/info/routes.html.erb within layouts/application
  Rendered collection of /Users/noguerajulioces/.rvm/gems/ruby-2.6.3/gems/actionpack-5.2.3/lib/action_dispatch/middleware/templates/routes/_route.html.erb [16 times] (4.8ms)
  Rendered /Users/noguerajulioces/.rvm/gems/ruby-2.6.3/gems/actionpack-5.2.3/lib/action_dispatch/middleware/templates/routes/_table.html.erb (1.5ms)
  Rendered /Users/noguerajulioces/.rvm/gems/ruby-2.6.3/gems/railties-5.2.3/lib/rails/templates/rails/info/routes.html.erb within layouts/application (9.8ms)
Completed 200 OK in 15ms (Views: 13.0ms | MongoDB: 0.0ms)


Started GET "/users/sign_in" for ::1 at 2019-09-28 11:36:12 -0500
Processing by Devise::SessionsController#new as HTML
  Rendering /Users/noguerajulioces/.rvm/gems/ruby-2.6.3/gems/devise-4.7.1/app/views/devise/sessions/new.html.erb within layouts/application
  Rendered /Users/noguerajulioces/.rvm/gems/ruby-2.6.3/gems/devise-4.7.1/app/views/devise/shared/_links.html.erb (1.9ms)
  Rendered /Users/noguerajulioces/.rvm/gems/ruby-2.6.3/gems/devise-4.7.1/app/views/devise/sessions/new.html.erb within layouts/application (46.2ms)
Completed 200 OK in 71ms (Views: 65.1ms | MongoDB: 0.0ms)


Started GET "/" for ::1 at 2019-09-28 11:46:56 -0500
Processing by WelcomeController#index as HTML
  Rendering welcome/index.html.erb within layouts/application
  Rendered welcome/index.html.erb within layouts/application (1.5ms)
  Rendered _partials/_navbar.html.erb (0.5ms)
  Rendered _partials/_footer.html.erb (0.4ms)
Completed 200 OK in 1384ms (Views: 1376.3ms | MongoDB: 0.0ms)


Started GET "/" for ::1 at 2019-09-28 11:49:20 -0500
Processing by WelcomeController#index as HTML
  Rendering welcome/index.html.erb within layouts/application
  Rendered welcome/index.html.erb within layouts/application (0.9ms)
  Rendered _partials/_navbar.html.erb (0.8ms)
  Rendered _partials/_footer.html.erb (0.3ms)
Completed 200 OK in 1901ms (Views: 1891.2ms | MongoDB: 0.0ms)


Started GET "/" for ::1 at 2019-09-28 11:50:08 -0500
Processing by WelcomeController#index as HTML
  Rendering welcome/index.html.erb within layouts/application
  Rendered welcome/index.html.erb within layouts/application (0.5ms)
Completed 500 Internal Server Error in 30ms (MongoDB: 0.0ms)


  
ActionView::Template::Error (couldn't find file 'bootstrap' with type 'text/css'
Checked in these paths: 
  /Users/noguerajulioces/pettix/app/assets/config
  /Users/noguerajulioces/pettix/app/assets/images
  /Users/noguerajulioces/pettix/app/assets/javascripts
  /Users/noguerajulioces/pettix/app/assets/stylesheets
  /Users/noguerajulioces/.rvm/gems/ruby-2.6.3/gems/jquery-rails-4.3.5/vendor/assets/javascripts
  /Users/noguerajulioces/.rvm/gems/ruby-2.6.3/gems/coffee-rails-4.2.2/lib/assets/javascripts
  /Users/noguerajulioces/.rvm/gems/ruby-2.6.3/gems/actioncable-5.2.3/lib/assets/compiled
  /Users/noguerajulioces/.rvm/gems/ruby-2.6.3/gems/actionview-5.2.3/lib/assets/compiled
  /Users/noguerajulioces/.rvm/gems/ruby-2.6.3/gems/turbolinks-source-5.2.0/lib/assets/javascripts
  /Users/noguerajulioces/pettix/node_modules
  /Users/noguerajulioces/.rvm/gems/ruby-2.6.3/gems/popper_js-1.14.5/assets/javascripts
  /Users/noguerajulioces/.rvm/gems/ruby-2.6.3/gems/bootstrap-4.3.1/assets/stylesheets
  /Users/noguerajulioces/.rvm/gems/ruby-2.6.3/gems/bootstrap-4.3.1/assets/javascripts):
     5:     <%= csrf_meta_tags %>
     6:     <%= csp_meta_tag %>
     7: 
     8:     <%= stylesheet_link_tag    'application', media: 'all', 'data-turbolinks-track': 'reload' %>
     9:     <%= javascript_include_tag 'application', 'data-turbolinks-track': 'reload' %>
    10:   </head>
    11: 
  
app/assets/stylesheets/application.css:13
app/views/layouts/application.html.erb:8:in `_app_views_layouts_application_html_erb___346304303058726165_70291801012700'
Started GET "/" for ::1 at 2019-09-28 11:50:37 -0500
Processing by WelcomeController#index as HTML
  Rendering welcome/index.html.erb within layouts/application
  Rendered welcome/index.html.erb within layouts/application (0.6ms)
  Rendered _partials/_navbar.html.erb (1.6ms)
  Rendered _partials/_footer.html.erb (0.3ms)
Completed 200 OK in 1192ms (Views: 1190.2ms | MongoDB: 0.0ms)


Started GET "/rails/info" for ::1 at 2019-09-28 11:54:09 -0500
Processing by Rails::InfoController#index as HTML
Redirected to http://localhost:3000/rails/info/routes
Completed 302 Found in 2ms (MongoDB: 0.0ms)


Started GET "/rails/info/routes" for ::1 at 2019-09-28 11:54:09 -0500
Processing by Rails::InfoController#routes as HTML
  Rendering /Users/noguerajulioces/.rvm/gems/ruby-2.6.3/gems/railties-5.2.3/lib/rails/templates/rails/info/routes.html.erb within layouts/application
  Rendered collection of /Users/noguerajulioces/.rvm/gems/ruby-2.6.3/gems/actionpack-5.2.3/lib/action_dispatch/middleware/templates/routes/_route.html.erb [16 times] (5.1ms)
  Rendered /Users/noguerajulioces/.rvm/gems/ruby-2.6.3/gems/actionpack-5.2.3/lib/action_dispatch/middleware/templates/routes/_table.html.erb (8.0ms)
  Rendered /Users/noguerajulioces/.rvm/gems/ruby-2.6.3/gems/railties-5.2.3/lib/rails/templates/rails/info/routes.html.erb within layouts/application (17.5ms)
Completed 200 OK in 26ms (Views: 22.4ms | MongoDB: 0.0ms)


Started GET "/" for ::1 at 2019-09-28 11:54:35 -0500
Processing by WelcomeController#index as HTML
  Rendering welcome/index.html.erb within layouts/application
  Rendered welcome/index.html.erb within layouts/application (0.6ms)
  Rendered _partials/_navbar.html.erb (0.7ms)
  Rendered _partials/_footer.html.erb (0.3ms)
Completed 200 OK in 84ms (Views: 81.5ms | MongoDB: 0.0ms)


Started GET "/users/sign_in" for ::1 at 2019-09-28 11:54:38 -0500
Processing by Devise::SessionsController#new as HTML
  Rendering /Users/noguerajulioces/.rvm/gems/ruby-2.6.3/gems/devise-4.7.1/app/views/devise/sessions/new.html.erb within layouts/application
  Rendered /Users/noguerajulioces/.rvm/gems/ruby-2.6.3/gems/devise-4.7.1/app/views/devise/shared/_links.html.erb (1.6ms)
  Rendered /Users/noguerajulioces/.rvm/gems/ruby-2.6.3/gems/devise-4.7.1/app/views/devise/sessions/new.html.erb within layouts/application (23.2ms)
  Rendered _partials/_navbar.html.erb (0.7ms)
  Rendered _partials/_footer.html.erb (0.5ms)
Completed 200 OK in 56ms (Views: 50.8ms | MongoDB: 0.0ms)


Started GET "/" for ::1 at 2019-09-28 11:54:46 -0500
Processing by WelcomeController#index as HTML
  Rendering welcome/index.html.erb within layouts/application
  Rendered welcome/index.html.erb within layouts/application (0.5ms)
  Rendered _partials/_navbar.html.erb (1.9ms)
Completed 500 Internal Server Error in 32ms (MongoDB: 0.0ms)


  
SyntaxError (/Users/noguerajulioces/pettix/app/views/_partials/_navbar.html.erb:14: syntax error, unexpected tIDENTIFIER, expecting ')'
... Sesión" new_user_session_path );@output_buffer.safe_append...
...          ^~~~~~~~~~~~~~~~~~~~~):
  
app/views/_partials/_navbar.html.erb:14: syntax error, unexpected tIDENTIFIER, expecting ')'
app/views/layouts/application.html.erb:13:in `_app_views_layouts_application_html_erb___346304303058726165_70291840487600'
Started GET "/" for ::1 at 2019-09-28 11:54:51 -0500
Processing by WelcomeController#index as HTML
  Rendering welcome/index.html.erb within layouts/application
  Rendered welcome/index.html.erb within layouts/application (0.5ms)
  Rendered _partials/_navbar.html.erb (0.5ms)
  Rendered _partials/_footer.html.erb (0.2ms)
Completed 200 OK in 31ms (Views: 29.1ms | MongoDB: 0.0ms)


Started GET "/" for ::1 at 2019-09-28 11:55:08 -0500
Processing by WelcomeController#index as HTML
  Rendering welcome/index.html.erb within layouts/application
  Rendered welcome/index.html.erb within layouts/application (0.4ms)
  Rendered _partials/_navbar.html.erb (0.7ms)
Completed 500 Internal Server Error in 59ms (MongoDB: 0.0ms)


  
SyntaxError (/Users/noguerajulioces/pettix/app/views/_partials/_navbar.html.erb:14: syntax error, unexpected class, expecting ')'
...link_to "Iniciar Sesión" class="nav-link", new_user_session...
...                          ^~~~~
/Users/noguerajulioces/pettix/app/views/_partials/_navbar.html.erb:14: syntax error, unexpected ',', expecting ')'
...ciar Sesión" class="nav-link", new_user_session_path );@out...
...                              ^):
  
app/views/_partials/_navbar.html.erb:14: syntax error, unexpected class, expecting ')'
app/views/_partials/_navbar.html.erb:14: syntax error, unexpected ',', expecting ')'
app/views/layouts/application.html.erb:13:in `_app_views_layouts_application_html_erb___346304303058726165_70291802281900'
Started GET "/" for ::1 at 2019-09-28 11:55:15 -0500
Processing by WelcomeController#index as HTML
  Rendering welcome/index.html.erb within layouts/application
  Rendered welcome/index.html.erb within layouts/application (0.4ms)
  Rendered _partials/_navbar.html.erb (0.6ms)
Completed 500 Internal Server Error in 38ms (MongoDB: 0.0ms)


  
SyntaxError (/Users/noguerajulioces/pettix/app/views/_partials/_navbar.html.erb:14: syntax error, unexpected ')', expecting =>
...-link", new_user_session_path );@output_buffer.safe_append='
...                              ^
/Users/noguerajulioces/pettix/app/views/_partials/_navbar.html.erb:36: syntax error, unexpected ensure, expecting ')'
          ensure
          ^~~~~~
/Users/noguerajulioces/pettix/app/views/_partials/_navbar.html.erb:38: syntax error, unexpected end, expecting ')'
          end
          ^~~):
  
app/views/_partials/_navbar.html.erb:14: syntax error, unexpected ')', expecting =>
app/views/_partials/_navbar.html.erb:36: syntax error, unexpected ensure, expecting ')'
app/views/_partials/_navbar.html.erb:38: syntax error, unexpected end, expecting ')'
app/views/layouts/application.html.erb:13:in `_app_views_layouts_application_html_erb___346304303058726165_70291854722120'
Started GET "/" for ::1 at 2019-09-28 11:55:19 -0500
Processing by WelcomeController#index as HTML
  Rendering welcome/index.html.erb within layouts/application
  Rendered welcome/index.html.erb within layouts/application (0.6ms)
  Rendered _partials/_navbar.html.erb (0.6ms)
Completed 500 Internal Server Error in 32ms (MongoDB: 0.0ms)


  
SyntaxError (/Users/noguerajulioces/pettix/app/views/_partials/_navbar.html.erb:14: syntax error, unexpected class, expecting ')'
...link_to "Iniciar Sesión" class: "nav-link", new_user_sessio...
...                          ^~~~~
/Users/noguerajulioces/pettix/app/views/_partials/_navbar.html.erb:14: syntax error, unexpected ',', expecting ')'
...iar Sesión" class: "nav-link", new_user_session_path );@out...
...                              ^):
  
app/views/_partials/_navbar.html.erb:14: syntax error, unexpected class, expecting ')'
app/views/_partials/_navbar.html.erb:14: syntax error, unexpected ',', expecting ')'
app/views/layouts/application.html.erb:13:in `_app_views_layouts_application_html_erb___346304303058726165_70291841310080'
Started GET "/" for ::1 at 2019-09-28 11:55:29 -0500
Processing by WelcomeController#index as HTML
  Rendering welcome/index.html.erb within layouts/application
  Rendered welcome/index.html.erb within layouts/application (0.4ms)
  Rendered _partials/_navbar.html.erb (0.6ms)
  Rendered _partials/_footer.html.erb (0.2ms)
Completed 200 OK in 31ms (Views: 29.1ms | MongoDB: 0.0ms)


Started GET "/users/sign_in" for ::1 at 2019-09-28 11:55:34 -0500
Processing by Devise::SessionsController#new as HTML
  Rendering /Users/noguerajulioces/.rvm/gems/ruby-2.6.3/gems/devise-4.7.1/app/views/devise/sessions/new.html.erb within layouts/application
  Rendered /Users/noguerajulioces/.rvm/gems/ruby-2.6.3/gems/devise-4.7.1/app/views/devise/shared/_links.html.erb (1.0ms)
  Rendered /Users/noguerajulioces/.rvm/gems/ruby-2.6.3/gems/devise-4.7.1/app/views/devise/sessions/new.html.erb within layouts/application (5.6ms)
  Rendered _partials/_navbar.html.erb (0.5ms)
  Rendered _partials/_footer.html.erb (0.3ms)
Completed 200 OK in 41ms (Views: 37.1ms | MongoDB: 0.0ms)


Started GET "/users/sign_in" for ::1 at 2019-09-28 11:56:41 -0500
Processing by Devise::SessionsController#new as HTML
  Rendering /Users/noguerajulioces/.rvm/gems/ruby-2.6.3/gems/devise-4.7.1/app/views/devise/sessions/new.html.erb within layouts/application
  Rendered /Users/noguerajulioces/.rvm/gems/ruby-2.6.3/gems/devise-4.7.1/app/views/devise/shared/_links.html.erb (1.0ms)
  Rendered /Users/noguerajulioces/.rvm/gems/ruby-2.6.3/gems/devise-4.7.1/app/views/devise/sessions/new.html.erb within layouts/application (4.5ms)
  Rendered _partials/_navbar.html.erb (0.9ms)
  Rendered _partials/_footer.html.erb (0.3ms)
Completed 200 OK in 39ms (Views: 37.9ms | MongoDB: 0.0ms)


Started GET "/" for ::1 at 2019-09-28 11:56:43 -0500
Processing by WelcomeController#index as HTML
  Rendering welcome/index.html.erb within layouts/application
  Rendered welcome/index.html.erb within layouts/application (0.5ms)
  Rendered _partials/_navbar.html.erb (0.6ms)
  Rendered _partials/_footer.html.erb (0.4ms)
Completed 200 OK in 36ms (Views: 34.7ms | MongoDB: 0.0ms)


Started GET "/" for ::1 at 2019-09-28 11:56:53 -0500
Processing by WelcomeController#index as HTML
  Rendering welcome/index.html.erb within layouts/application
  Rendered welcome/index.html.erb within layouts/application (0.4ms)
  Rendered _partials/_navbar.html.erb (0.6ms)
  Rendered _partials/_footer.html.erb (0.2ms)
Completed 200 OK in 31ms (Views: 29.3ms | MongoDB: 0.0ms)


Started GET "/" for ::1 at 2019-09-28 11:57:07 -0500
Processing by WelcomeController#index as HTML
  Rendering welcome/index.html.erb within layouts/application
  Rendered welcome/index.html.erb within layouts/application (0.4ms)
  Rendered _partials/_navbar.html.erb (0.7ms)
  Rendered _partials/_footer.html.erb (0.2ms)
Completed 200 OK in 33ms (Views: 31.3ms | MongoDB: 0.0ms)


Started GET "/users/sign_in" for ::1 at 2019-09-28 11:57:17 -0500
Processing by Devise::SessionsController#new as HTML
  Rendering /Users/noguerajulioces/.rvm/gems/ruby-2.6.3/gems/devise-4.7.1/app/views/devise/sessions/new.html.erb within layouts/application
  Rendered /Users/noguerajulioces/.rvm/gems/ruby-2.6.3/gems/devise-4.7.1/app/views/devise/shared/_links.html.erb (1.4ms)
  Rendered /Users/noguerajulioces/.rvm/gems/ruby-2.6.3/gems/devise-4.7.1/app/views/devise/sessions/new.html.erb within layouts/application (6.4ms)
  Rendered _partials/_navbar.html.erb (0.6ms)
  Rendered _partials/_footer.html.erb (0.4ms)
Completed 200 OK in 39ms (Views: 38.1ms | MongoDB: 0.0ms)


